2020-12-22 15:05:28.012  INFO 13067 --- [restartedMain] n.breiznoemie.BreiznoemieApplication     : Starting BreiznoemieApplication using Java 11.0.8 on MBP-de-Noemie with PID 13067 (/Users/noemiebezzaz/Desktop/simplon /breiznoemie_back/target/classes started by noemiebezzaz in /Users/noemiebezzaz/Desktop/simplon /breiznoemie_back)
2020-12-22 15:05:28.017  INFO 13067 --- [restartedMain] n.breiznoemie.BreiznoemieApplication     : No active profile set, falling back to default profiles: default
2020-12-22 15:05:28.237  INFO 13067 --- [restartedMain] .e.DevToolsPropertyDefaultsPostProcessor : Devtools property defaults active! Set 'spring.devtools.add-properties' to 'false' to disable
2020-12-22 15:05:28.238  INFO 13067 --- [restartedMain] .e.DevToolsPropertyDefaultsPostProcessor : For additional web related logging consider setting the 'logging.level.web' property to 'DEBUG'
2020-12-22 15:05:29.079  INFO 13067 --- [restartedMain] .s.d.r.c.RepositoryConfigurationDelegate : Bootstrapping Spring Data JPA repositories in DEFAULT mode.
2020-12-22 15:05:29.148  INFO 13067 --- [restartedMain] .s.d.r.c.RepositoryConfigurationDelegate : Finished Spring Data repository scanning in 29 ms. Found 0 JPA repository interfaces.
2020-12-22 15:05:30.120  INFO 13067 --- [restartedMain] o.s.b.w.embedded.tomcat.TomcatWebServer  : Tomcat initialized with port(s): 8080 (http)
2020-12-22 15:05:30.134  INFO 13067 --- [restartedMain] o.apache.catalina.core.StandardService   : Starting service [Tomcat]
2020-12-22 15:05:30.135  INFO 13067 --- [restartedMain] org.apache.catalina.core.StandardEngine  : Starting Servlet engine: [Apache Tomcat/9.0.41]
2020-12-22 15:05:30.264  INFO 13067 --- [restartedMain] o.a.c.c.C.[Tomcat].[localhost].[/]       : Initializing Spring embedded WebApplicationContext
2020-12-22 15:05:30.266  INFO 13067 --- [restartedMain] w.s.c.ServletWebServerApplicationContext : Root WebApplicationContext: initialization completed in 2017 ms
2020-12-22 15:05:30.612  INFO 13067 --- [restartedMain] o.hibernate.jpa.internal.util.LogHelper  : HHH000204: Processing PersistenceUnitInfo [name: default]
2020-12-22 15:05:30.708  INFO 13067 --- [restartedMain] org.hibernate.Version                    : HHH000412: Hibernate ORM core version 5.4.25.Final
2020-12-22 15:05:30.975  INFO 13067 --- [restartedMain] o.hibernate.annotations.common.Version   : HCANN000001: Hibernate Commons Annotations {5.1.2.Final}
2020-12-22 15:05:31.118  INFO 13067 --- [restartedMain] com.zaxxer.hikari.HikariDataSource       : HikariPool-1 - Starting...
2020-12-22 15:05:31.420  INFO 13067 --- [restartedMain] com.zaxxer.hikari.HikariDataSource       : HikariPool-1 - Start completed.
2020-12-22 15:05:31.461  INFO 13067 --- [restartedMain] org.hibernate.dialect.Dialect            : HHH000400: Using dialect: org.hibernate.dialect.MySQL57Dialect
2020-12-22 15:05:31.750  INFO 13067 --- [restartedMain] o.h.e.t.j.p.i.JtaPlatformInitiator       : HHH000490: Using JtaPlatform implementation: [org.hibernate.engine.transaction.jta.platform.internal.NoJtaPlatform]
2020-12-22 15:05:31.768  INFO 13067 --- [restartedMain] j.LocalContainerEntityManagerFactoryBean : Initialized JPA EntityManagerFactory for persistence unit 'default'
2020-12-22 15:05:31.840  WARN 13067 --- [restartedMain] JpaBaseConfiguration$JpaWebConfiguration : spring.jpa.open-in-view is enabled by default. Therefore, database queries may be performed during view rendering. Explicitly configure spring.jpa.open-in-view to disable this warning
2020-12-22 15:05:31.984  INFO 13067 --- [restartedMain] o.s.s.concurrent.ThreadPoolTaskExecutor  : Initializing ExecutorService 'applicationTaskExecutor'
2020-12-22 15:05:32.283  INFO 13067 --- [restartedMain] o.s.b.d.a.OptionalLiveReloadServer       : LiveReload server is running on port 35729
2020-12-22 15:05:32.341  INFO 13067 --- [restartedMain] o.s.b.w.embedded.tomcat.TomcatWebServer  : Tomcat started on port(s): 8080 (http) with context path ''
2020-12-22 15:05:32.350  INFO 13067 --- [restartedMain] n.breiznoemie.BreiznoemieApplication     : Started BreiznoemieApplication in 5.507 seconds (JVM running for 7.747)
2020-12-22 15:06:08.222  INFO 13067 --- [http-nio-8080-exec-1] o.a.c.c.C.[Tomcat].[localhost].[/]       : Initializing Spring DispatcherServlet 'dispatcherServlet'
2020-12-22 15:06:08.223  INFO 13067 --- [http-nio-8080-exec-1] o.s.web.servlet.DispatcherServlet        : Initializing Servlet 'dispatcherServlet'
2020-12-22 15:06:08.224  INFO 13067 --- [http-nio-8080-exec-1] o.s.web.servlet.DispatcherServlet        : Completed initialization in 1 ms
2020-12-22 16:26:51.891  INFO 13067 --- [SpringContextShutdownHook] o.s.s.concurrent.ThreadPoolTaskExecutor  : Shutting down ExecutorService 'applicationTaskExecutor'
2020-12-22 16:26:51.893  INFO 13067 --- [SpringContextShutdownHook] j.LocalContainerEntityManagerFactoryBean : Closing JPA EntityManagerFactory for persistence unit 'default'
2020-12-22 16:26:51.902  INFO 13067 --- [SpringContextShutdownHook] com.zaxxer.hikari.HikariDataSource       : HikariPool-1 - Shutdown initiated...
2020-12-22 16:26:51.908  INFO 13067 --- [SpringContextShutdownHook] com.zaxxer.hikari.HikariDataSource       : HikariPool-1 - Shutdown completed.
